[0.010s] Invoking command in '/home/samuel/Downloads/COIN-D4/cspc_lidar_sdk_ros2_D4_1110/build/cspc_lidar': CMAKE_PREFIX_PATH=${CMAKE_PREFIX_PATH}:/opt/ros/jazzy DEBUGINFOD_URLS=https://debuginfod.ubuntu.com /usr/bin/cmake --build /home/samuel/Downloads/COIN-D4/cspc_lidar_sdk_ros2_D4_1110/build/cspc_lidar -- -j20 -l20
[0.080s] [ 11%] [32mBuilding CXX object CMakeFiles/cspc_lidar.dir/src/node_lidar_ros.cpp.o[0m
[1.143s] In file included from [01m[K/home/samuel/Downloads/COIN-D4/cspc_lidar_sdk_ros2_D4_1110/include/cspc_lidar/pcl_conversions/pcl_conversions.h:45[m[K,
[1.143s]                  from [01m[K/home/samuel/Downloads/COIN-D4/cspc_lidar_sdk_ros2_D4_1110/src/node_lidar_ros.cpp:11[m[K:
[1.143s] [01m[K/home/samuel/Downloads/COIN-D4/cspc_lidar_sdk_ros2_D4_1110/include/cspc_lidar/message_filters/message_filters/message_event.h:18:2:[m[K [01;35m[Kwarning: [m[K#warning before C++23 is a GCC extension
[1.143s]    18 | #[01;35m[Kwarning[m[K This header is obsolete, please include message_filters/message_event.hpp instead
[1.143s]       |  [01;35m[K^~~~~~~[m[K
[1.143s] [01m[K/home/samuel/Downloads/COIN-D4/cspc_lidar_sdk_ros2_D4_1110/include/cspc_lidar/message_filters/message_filters/message_event.h:18:2:[m[K [01;35m[Kwarning: [m[K#warning This header is obsolete, please include message_filters/message_event.hpp instead [[01;35m[K]8;;https://gcc.gnu.org/onlinedocs/gcc/Warning-Options.html#index-Wcpp-Wcpp]8;;[m[K]
[1.143s] [01m[K/home/samuel/Downloads/COIN-D4/cspc_lidar_sdk_ros2_D4_1110/include/cspc_lidar/message_filters/message_filters/message_event.h:20:10:[m[K [01;31m[Kfatal error: [m[Kmessage_filters/message_event.hpp: No such file or directory
[1.143s]    20 | #include [01;31m[K<message_filters/message_filters/message_event.h>[m[K
[1.143s]       |          [01;31m[K^~~~~~~~~~~~~~~~~~~~~~~~~~~~~~~~~~~[m[K
[1.143s] compilation terminated.
[1.151s] gmake[2]: *** [CMakeFiles/cspc_lidar.dir/build.make:174: CMakeFiles/cspc_lidar.dir/src/node_lidar_ros.cpp.o] Error 1
[1.152s] gmake[1]: *** [CMakeFiles/Makefile2:137: CMakeFiles/cspc_lidar.dir/all] Error 2
[1.152s] gmake: *** [Makefile:146: all] Error 2
[1.154s] Invoked command in '/home/samuel/Downloads/COIN-D4/cspc_lidar_sdk_ros2_D4_1110/build/cspc_lidar' returned '2': CMAKE_PREFIX_PATH=${CMAKE_PREFIX_PATH}:/opt/ros/jazzy DEBUGINFOD_URLS=https://debuginfod.ubuntu.com /usr/bin/cmake --build /home/samuel/Downloads/COIN-D4/cspc_lidar_sdk_ros2_D4_1110/build/cspc_lidar -- -j20 -l20
